vanite-utils/build/outputs/mapping/release/seeds.txt
io.vortex.android.utils.R$drawable
io.vortex.android.utils.R$attr
io.vortex.android.utils.R$plurals
io.vortex.android.utils.R$style
io.vortex.android.utils.R$string
io.vortex.android.utils.R$color
io.vortex.android.utils.R$integer
io.vortex.android.utils.R$xml
io.vortex.android.utils.R$dimen
io.vortex.android.utils.R$interpolator
io.vortex.android.utils.R$layout
io.vortex.android.utils.R$styleable
io.vortex.android.utils.R$menu
io.vortex.android.utils.R$raw
io.vortex.android.utils.R
io.vortex.android.utils.R$animator
io.vortex.android.utils.R$id
io.vortex.android.utils.R$bool
io.vortex.android.utils.R$anim
io.vortex.android.utils.R$attr: int state_lifted
io.vortex.android.utils.R$styleable: int RecyclerView_fastScrollHorizontalThumbDrawable
io.vortex.android.utils.R$color: int quantum_lightblue200
io.vortex.android.utils.R$styleable: int TextInputLayout_hintAnimationEnabled
io.vortex.android.utils.R$style: int Widget_MaterialComponents_MaterialCalendar_MonthNavigationButton
io.vortex.android.utils.R$id: int view_offset_helper
io.vortex.android.utils.R$color: int quantum_vanillared200
io.vortex.android.utils.R$color: int dim_foreground_disabled_material_dark
io.vortex.android.utils.R$styleable: int ConstraintLayout_Layout_layout_constraintGuide_begin
io.vortex.android.utils.R$attr: int waveOffset
io.vortex.android.utils.R$styleable: int CollapsingToolbarLayout_titleCollapseMode
io.vortex.android.utils.R$attr: int textAppearanceHeadline2
io.vortex.android.utils.R$attr: int fontStyle
io.vortex.android.utils.R$dimen: int notification_top_pad_large_text
io.vortex.android.utils.R$attr: int colorOnSecondary
io.vortex.android.utils.R$color: int quantum_indigo800
io.vortex.android.utils.R$color: int mtrl_navigation_bar_ripple_color
io.vortex.android.utils.R$styleable: int Spinner_android_popupBackground
io.vortex.android.utils.R$attr: int homeLayout
io.vortex.android.utils.R$drawable: int places_powered_by_google_light
io.vortex.android.utils.R$styleable: int BaseProgressIndicator_trackCornerRadius
io.vortex.android.utils.R$style: int Base_Widget_MaterialComponents_MaterialCalendar_NavigationButton
io.vortex.android.utils.R$style: int ThemeOverlay_MaterialComponents_MaterialAlertDialog_Picker_Date_Spinner
io.vortex.android.utils.R$string: int material_timepicker_minute
io.vortex.android.utils.R$dimen: int material_clock_hand_stroke_width
io.vortex.android.utils.R$attr: int layout_constraintHeight_percent
io.vortex.android.utils.R$dimen: int highlight_alpha_material_colored
io.vortex.android.utils.R$style: int Widget_MaterialComponents_ActionBar_Primary
io.vortex.android.utils.R$color: int quantum_pink700
io.vortex.android.utils.R$id: int action_bar
io.vortex.android.utils.R$string: int appbar_scrolling_view_behavior
io.vortex.android.utils.R$dimen: int mtrl_extended_fab_translation_z_base
io.vortex.android.utils.R$style: int Base_Widget_AppCompat_DrawerArrowToggle_Common
io.vortex.android.utils.R$attr: int actionModeWebSearchDrawable
io.vortex.android.utils.R$attr: int cardElevation
io.vortex.android.utils.R$attr: int layout_constraintLeft_toRightOf
io.vortex.android.utils.R$color: int mtrl_calendar_item_stroke_color
io.vortex.android.utils.R$styleable: int AppCompatTheme_actionModeCutDrawable
io.vortex.android.utils.R$styleable: int Tooltip_android_layout_margin
io.vortex.android.utils.R$styleable: int AppCompatTheme_windowMinWidthMajor
io.vortex.android.utils.R$style: int Widget_AppCompat_SearchView_ActionBar
io.vortex.android.utils.R$styleable: int ConstraintLayout_Layout_flow_maxElementsWrap
io.vortex.android.utils.R$style: int TextAppearance_Design_Snackbar_Message
io.vortex.android.utils.R$dimen: int compat_button_padding_vertical_material
io.vortex.android.utils.R$attr: int transitionEasing
io.vortex.android.utils.R$color: int quantum_vanillagreen600
io.vortex.android.utils.R$drawable: int common_google_signin_btn_icon_dark_normal_background
io.vortex.android.utils.R$style: int Theme_MaterialComponents_Light_DarkActionBar