vanite-utils/build/outputs/mapping/release/usage.txt
io.vortex.android.utils.BuildConfig
io.vortex.android.utils.VortexApplication$notificationsController$2
io.vortex.android.utils.VortexApplication$setupNotificationChannels$2
io.vortex.android.utils.VortexApplication$setupTimber$2
io.vortex.android.utils.VortexApplication
io.vortex.android.utils.VortexConfiguration$registerApplicationLogger$1
io.vortex.android.utils.VortexConfiguration$registerApplicationLogger$2$WhenMappings
io.vortex.android.utils.VortexConfiguration$registerApplicationLogger$2
io.vortex.android.utils.VortexConfiguration$registerApplicationState$1
io.vortex.android.utils.VortexConfiguration$registerApplicationState$2
io.vortex.android.utils.VortexConfiguration$registerCompatVector$1
io.vortex.android.utils.VortexConfiguration$registerCompatVector$2
io.vortex.android.utils.VortexConfiguration$registerExceptionHandler$1
io.vortex.android.utils.VortexConfiguration$registerExceptionHandler$2
io.vortex.android.utils.VortexConfiguration$registerStrictMode$1
io.vortex.android.utils.VortexConfiguration$registerStrictMode$2
io.vortex.android.utils.VortexConfiguration$registerVortexPermissionsSettings$1
io.vortex.android.utils.VortexConfiguration$registerVortexPermissionsSettings$2
io.vortex.android.utils.VortexConfiguration
io.vortex.android.utils.VortexConfigurationImpl
io.vortex.android.utils.VortexMessagesListener
io.vortex.android.utils.VortexNotificationController$createChannel$2
io.vortex.android.utils.VortexNotificationController$createChannelWithImportance$2
io.vortex.android.utils.VortexNotificationController$createMultiNotificationChannels$2
io.vortex.android.utils.VortexNotificationController$disableNotificationChannel$2
io.vortex.android.utils.VortexNotificationController
io.vortex.android.utils.VortexScope
io.vortex.android.utils.VortexTextWatcherKt$addVortexTextWatcherAfter$1
io.vortex.android.utils.VortexTextWatcherKt
io.vortex.android.utils.impl.VortexTextWatcherAfter
io.vortex.android.utils.language.VortexLanguageToggle$changeApplicationLanguage$2
io.vortex.android.utils.language.VortexLanguageToggle$getSelectedLanguage$2
io.vortex.android.utils.language.VortexLanguageToggle$init$2
io.vortex.android.utils.language.VortexLanguageToggle$saveSelectedLanguage$2
io.vortex.android.utils.language.VortexLanguageToggle
io.vortex.android.utils.language.VortexLanguageToggleKt$languagePreCondition$2
io.vortex.android.utils.language.VortexLanguageToggleKt
io.vortex.android.utils.language.VortexLocaleManager$selectLanguage$2
io.vortex.android.utils.language.VortexLocaleManager
io.vortex.android.utils.picker.PickMethod
io.vortex.android.utils.picker.VortexFileAttachPicker$WhenMappings
io.vortex.android.utils.picker.VortexFileAttachPicker$addFileListener$2
io.vortex.android.utils.picker.VortexFileAttachPicker$destroyFileAttach$2
io.vortex.android.utils.picker.VortexFileAttachPicker$onFileResult$2$WhenMappings
io.vortex.android.utils.picker.VortexFileAttachPicker$onFileResult$2
io.vortex.android.utils.picker.VortexFileAttachPicker$startCameraAttach$2
io.vortex.android.utils.picker.VortexFileAttachPicker$startFilesAttach$2
io.vortex.android.utils.picker.VortexFileAttachPicker$startImagesAttach$2
io.vortex.android.utils.picker.VortexFileAttachPicker
io.vortex.android.utils.picker.VortexFilePickerListener
io.vortex.android.utils.picker.VortexImageManager
io.vortex.android.utils.random.VortexBaseAdapter
io.vortex.android.utils.random.VortexDeviceInfo
io.vortex.android.utils.random.VortexRecyclerViewDecoration
io.vortex.android.utils.random.VortexWebViewController
io.vortex.android.utils.ui.VortexAnimationUtilsKt$fadeInAnimation$2
io.vortex.android.utils.ui.VortexAnimationUtilsKt$fadeInAnimation$4
io.vortex.android.utils.ui.VortexAnimationUtilsKt$fadeOutAnimation$2
io.vortex.android.utils.ui.VortexAnimationUtilsKt$fadeOutAnimation$4
io.vortex.android.utils.ui.VortexAnimationUtilsKt$goneView$2
io.vortex.android.utils.ui.VortexAnimationUtilsKt$gridLayout$2
io.vortex.android.utils.ui.VortexAnimationUtilsKt$invisibleView$2